#
# There is insufficient memory for the Java Runtime Environment to continue.
# Native memory allocation (malloc) failed to allocate 524304 bytes for Chunk::new
# Possible reasons:
#   The system is out of physical RAM or swap space
#   The process is running with CompressedOops enabled, and the Java Heap may be blocking the growth of the native heap
# Possible solutions:
#   Reduce memory load on the system
#   Increase physical memory or swap space
#   Check if swap backing store is full
#   Decrease Java heap size (-Xmx/-Xms)
#   Decrease number of Java threads
#   Decrease Java thread stack sizes (-Xss)
#   Set larger code cache with -XX:ReservedCodeCacheSize=
#   JVM is running with Zero Based Compressed Oops mode in which the Java heap is
#     placed in the first 32GB address space. The Java Heap base address is the
#     maximum limit for the native heap growth. Please use -XX:HeapBaseMinAddress
#     to set the Java Heap base and to place the Java Heap above 32GB virtual address.
# This output file may be truncated or incomplete.
#
#  Out of Memory Error (allocation.cpp:389), pid=11844, tid=0x000000000000293c
#
# JRE version: Java(TM) SE Runtime Environment (8.0_291-b10) (build 1.8.0_291-b10)
# Java VM: Java HotSpot(TM) 64-Bit Server VM (25.291-b10 mixed mode windows-amd64 compressed oops)
# Failed to write core dump. Minidumps are not enabled by default on client versions of Windows
#

---------------  T H R E A D  ---------------

Current thread (0x000000001bf69000):  JavaThread "C2 CompilerThread1" daemon [_thread_in_native, id=10556, stack(0x000000001dcb0000,0x000000001ddb0000)]

Stack: [0x000000001dcb0000,0x000000001ddb0000]
Native frames: (J=compiled Java code, j=interpreted, Vv=VM code, C=native code)
V  [jvm.dll+0x32ea19]


Current CompileTask:
C2:   4192 3906   !   4       org.springframework.core.annotation.AnnotationsScanner::processMethodHierarchy (276 bytes)


---------------  P R O C E S S  ---------------

Java Threads: ( => current thread )
  0x0000000023e00000 JavaThread "Statistics Thread-mycache-1" daemon [_thread_blocked, id=11832, stack(0x000000001d200000,0x000000001d300000)]
  0x0000000022f8f000 JavaThread "mycache" daemon [_thread_blocked, id=10520, stack(0x0000000021680000,0x0000000021780000)]
  0x000000001bfbf000 JavaThread "Service Thread" daemon [_thread_blocked, id=11928, stack(0x000000001e300000,0x000000001e400000)]
  0x000000001bf73000 JavaThread "C1 CompilerThread2" daemon [_thread_blocked, id=7044, stack(0x000000001e1d0000,0x000000001e2d0000)]
=>0x000000001bf69000 JavaThread "C2 CompilerThread1" daemon [_thread_in_native, id=10556, stack(0x000000001dcb0000,0x000000001ddb0000)]
  0x000000001bf66800 JavaThread "C2 CompilerThread0" daemon [_thread_in_native, id=4164, stack(0x000000001da60000,0x000000001db60000)]
  0x000000001bf5d000 JavaThread "Monitor Ctrl-Break" daemon [_thread_in_native, id=9764, stack(0x000000001d8b0000,0x000000001d9b0000)]
  0x000000001bf3f000 JavaThread "Attach Listener" daemon [_thread_blocked, id=9556, stack(0x000000001d740000,0x000000001d840000)]
  0x000000001bf3e800 JavaThread "Signal Dispatcher" daemon [_thread_blocked, id=11452, stack(0x000000001d4e0000,0x000000001d5e0000)]
  0x000000001bef9800 JavaThread "Finalizer" daemon [_thread_blocked, id=6080, stack(0x000000001d310000,0x000000001d410000)]
  0x00000000126cc000 JavaThread "Reference Handler" daemon [_thread_blocked, id=9688, stack(0x000000001d0f0000,0x000000001d1f0000)]
  0x000000000035f800 JavaThread "main" [_thread_in_native, id=10244, stack(0x00000000020f0000,0x00000000021f0000)]

Other Threads:
  0x000000001beb1800 VMThread [stack: 0x000000001cf90000,0x000000001d090000] [id=11124]
  0x000000001de73800 WatcherThread [stack: 0x000000001e5c0000,0x000000001e6c0000] [id=11192]

VM state:not at safepoint (normal execution)

VM Mutex/Monitor currently owned by a thread: None

heap address: 0x00000006c1200000, size: 4078 MB, Compressed Oops mode: Zero based, Oop shift amount: 3
Narrow klass base: 0x0000000000000000, Narrow klass shift: 3
Compressed class space size: 1073741824 Address: 0x00000007c0000000

Heap:
 PSYoungGen      total 116224K, used 37497K [0x000000076b100000, 0x0000000772f80000, 0x00000007c0000000)
  eden space 107008K, 28% used [0x000000076b100000,0x000000076cf1cd40,0x0000000771980000)
  from space 9216K, 72% used [0x0000000772680000,0x0000000772d01930,0x0000000772f80000)
  to   space 11264K, 0% used [0x0000000771980000,0x0000000771980000,0x0000000772480000)
 ParOldGen       total 93696K, used 16815K [0x00000006c1200000, 0x00000006c6d80000, 0x000000076b100000)
  object space 93696K, 17% used [0x00000006c1200000,0x00000006c226bc50,0x00000006c6d80000)
 Metaspace       used 41414K, capacity 43346K, committed 43520K, reserved 1087488K
  class space    used 5468K, capacity 5833K, committed 5888K, reserved 1048576K

Card table byte_map: [0x0000000011880000,0x0000000012080000] byte_map_base: 0x000000000e277000

Marking Bits: (ParMarkBitMap*) 0x0000000069417fe0
 Begin Bits: [0x0000000012c70000, 0x0000000016c28000)
 End Bits:   [0x0000000016c28000, 0x000000001abe0000)

Polling page: 0x0000000000130000

CodeCache: size=245760Kb used=14417Kb max_used=14435Kb free=231342Kb
 bounds [0x00000000024c0000, 0x00000000032f0000, 0x00000000114c0000]
 total_blobs=4505 nmethods=4054 adapters=363
 compilation: enabled

Compilation events (10 events):
Event: 4.066 Thread 0x000000001bf73000 4097       2       java.io.WinNTFileSystem::resolve (231 bytes)
Event: 4.067 Thread 0x000000001bf73000 nmethod 4097 0x00000000032addd0 code [0x00000000032ae000, 0x00000000032aea08]
Event: 4.077 Thread 0x000000001bf73000 4098       2       java.lang.invoke.MethodHandle::bindTo (19 bytes)
Event: 4.077 Thread 0x000000001bf73000 nmethod 4098 0x00000000032b1e50 code [0x00000000032b2000, 0x00000000032b2388]
Event: 4.077 Thread 0x000000001bf73000 4099       2       java.lang.invoke.MethodType::leadingReferenceParameter (30 bytes)
Event: 4.077 Thread 0x000000001bf73000 nmethod 4099 0x00000000032b1910 code [0x00000000032b1a80, 0x00000000032b1cd8]
Event: 4.077 Thread 0x000000001bf73000 4100       2       java.lang.invoke.LambdaFormEditor::bindArgumentL (59 bytes)
Event: 4.077 Thread 0x000000001bf73000 nmethod 4100 0x00000000032b1490 code [0x00000000032b1600, 0x00000000032b1808]
Event: 4.086 Thread 0x000000001bf73000 4101       2       sun.misc.URLClassPath::access$000 (6 bytes)
Event: 4.086 Thread 0x000000001bf73000 nmethod 4101 0x00000000032ad9d0 code [0x00000000032adb40, 0x00000000032adc88]

GC Heap History (10 events):
Event: 2.374 GC heap before
{Heap before GC invocations=6 (full 1):
 PSYoungGen      total 76288K, used 67750K [0x000000076b100000, 0x0000000773080000, 0x00000007c0000000)
  eden space 65536K, 100% used [0x000000076b100000,0x000000076f100000,0x000000076f100000)
  from space 10752K, 20% used [0x000000076fb80000,0x000000076fda9af8,0x0000000770600000)
  to   space 10752K, 0% used [0x000000076f100000,0x000000076f100000,0x000000076fb80000)
 ParOldGen       total 93696K, used 7508K [0x00000006c1200000, 0x00000006c6d80000, 0x000000076b100000)
  object space 93696K, 8% used [0x00000006c1200000,0x00000006c19553c0,0x00000006c6d80000)
 Metaspace       used 25694K, capacity 26782K, committed 27008K, reserved 1073152K
  class space    used 3353K, capacity 3597K, committed 3712K, reserved 1048576K
Event: 2.380 GC heap after
Heap after GC invocations=6 (full 1):
 PSYoungGen      total 76288K, used 9455K [0x000000076b100000, 0x0000000773280000, 0x00000007c0000000)
  eden space 65536K, 0% used [0x000000076b100000,0x000000076b100000,0x000000076f100000)
  from space 10752K, 87% used [0x000000076f100000,0x000000076fa3bc08,0x000000076fb80000)
  to   space 12288K, 0% used [0x0000000772680000,0x0000000772680000,0x0000000773280000)
 ParOldGen       total 93696K, used 7508K [0x00000006c1200000, 0x00000006c6d80000, 0x000000076b100000)
  object space 93696K, 8% used [0x00000006c1200000,0x00000006c19553c0,0x00000006c6d80000)
 Metaspace       used 25694K, capacity 26782K, committed 27008K, reserved 1073152K
  class space    used 3353K, capacity 3597K, committed 3712K, reserved 1048576K
}
Event: 2.692 GC heap before
{Heap before GC invocations=7 (full 1):
 PSYoungGen      total 76288K, used 74991K [0x000000076b100000, 0x0000000773280000, 0x00000007c0000000)
  eden space 65536K, 100% used [0x000000076b100000,0x000000076f100000,0x000000076f100000)
  from space 10752K, 87% used [0x000000076f100000,0x000000076fa3bc08,0x000000076fb80000)
  to   space 12288K, 0% used [0x0000000772680000,0x0000000772680000,0x0000000773280000)
 ParOldGen       total 93696K, used 7508K [0x00000006c1200000, 0x00000006c6d80000, 0x000000076b100000)
  object space 93696K, 8% used [0x00000006c1200000,0x00000006c19553c0,0x00000006c6d80000)
 Metaspace       used 28249K, capacity 29636K, committed 29696K, reserved 1075200K
  class space    used 3732K, capacity 4046K, committed 4096K, reserved 1048576K
Event: 2.699 GC heap after
Heap after GC invocations=7 (full 1):
 PSYoungGen      total 116224K, used 7180K [0x000000076b100000, 0x0000000772f80000, 0x00000007c0000000)
  eden space 107008K, 0% used [0x000000076b100000,0x000000076b100000,0x0000000771980000)
  from space 9216K, 77% used [0x0000000772680000,0x0000000772d832a8,0x0000000772f80000)
  to   space 11264K, 0% used [0x0000000771980000,0x0000000771980000,0x0000000772480000)
 ParOldGen       total 93696K, used 7516K [0x00000006c1200000, 0x00000006c6d80000, 0x000000076b100000)
  object space 93696K, 8% used [0x00000006c1200000,0x00000006c19573c0,0x00000006c6d80000)
 Metaspace       used 28249K, capacity 29636K, committed 29696K, reserved 1075200K
  class space    used 3732K, capacity 4046K, committed 4096K, reserved 1048576K
}
Event: 3.338 GC heap before
{Heap before GC invocations=8 (full 1):
 PSYoungGen      total 116224K, used 109568K [0x000000076b100000, 0x0000000772f80000, 0x00000007c0000000)
  eden space 107008K, 95% used [0x000000076b100000,0x00000007714fcf90,0x0000000771980000)
  from space 9216K, 77% used [0x0000000772680000,0x0000000772d832a8,0x0000000772f80000)
  to   space 11264K, 0% used [0x0000000771980000,0x0000000771980000,0x0000000772480000)
 ParOldGen       total 93696K, used 7516K [0x00000006c1200000, 0x00000006c6d80000, 0x000000076b100000)
  object space 93696K, 8% used [0x00000006c1200000,0x00000006c19573c0,0x00000006c6d80000)
 Metaspace       used 33635K, capacity 35432K, committed 35496K, reserved 1079296K
  class space    used 4450K, capacity 4802K, committed 4864K, reserved 1048576K
Event: 3.356 GC heap after
Heap after GC invocations=8 (full 1):
 PSYoungGen      total 118272K, used 11252K [0x000000076b100000, 0x0000000772f80000, 0x00000007c0000000)
  eden space 107008K, 0% used [0x000000076b100000,0x000000076b100000,0x0000000771980000)
  from space 11264K, 99% used [0x0000000771980000,0x000000077247d318,0x0000000772480000)
  to   space 9216K, 0% used [0x0000000772680000,0x0000000772680000,0x0000000772f80000)
 ParOldGen       total 93696K, used 7882K [0x00000006c1200000, 0x00000006c6d80000, 0x000000076b100000)
  object space 93696K, 8% used [0x00000006c1200000,0x00000006c19b2a88,0x00000006c6d80000)
 Metaspace       used 33635K, capacity 35432K, committed 35496K, reserved 1079296K
  class space    used 4450K, capacity 4802K, committed 4864K, reserved 1048576K
}
Event: 3.356 GC heap before
{Heap before GC invocations=9 (full 2):
 PSYoungGen      total 118272K, used 11252K [0x000000076b100000, 0x0000000772f80000, 0x00000007c0000000)
  eden space 107008K, 0% used [0x000000076b100000,0x000000076b100000,0x0000000771980000)
  from space 11264K, 99% used [0x0000000771980000,0x000000077247d318,0x0000000772480000)
  to   space 9216K, 0% used [0x0000000772680000,0x0000000772680000,0x0000000772f80000)
 ParOldGen       total 93696K, used 7882K [0x00000006c1200000, 0x00000006c6d80000, 0x000000076b100000)
  object space 93696K, 8% used [0x00000006c1200000,0x00000006c19b2a88,0x00000006c6d80000)
 Metaspace       used 33635K, capacity 35432K, committed 35496K, reserved 1079296K
  class space    used 4450K, capacity 4802K, committed 4864K, reserved 1048576K
Event: 3.390 GC heap after
Heap after GC invocations=9 (full 2):
 PSYoungGen      total 118272K, used 0K [0x000000076b100000, 0x0000000772f80000, 0x00000007c0000000)
  eden space 107008K, 0% used [0x000000076b100000,0x000000076b100000,0x0000000771980000)
  from space 11264K, 0% used [0x0000000771980000,0x0000000771980000,0x0000000772480000)
  to   space 9216K, 0% used [0x0000000772680000,0x0000000772680000,0x0000000772f80000)
 ParOldGen       total 93696K, used 16743K [0x00000006c1200000, 0x00000006c6d80000, 0x000000076b100000)
  object space 93696K, 17% used [0x00000006c1200000,0x00000006c2259c40,0x00000006c6d80000)
 Metaspace       used 33635K, capacity 35432K, committed 35496K, reserved 1079296K
  class space    used 4450K, capacity 4802K, committed 4864K, reserved 1048576K
}
Event: 4.014 GC heap before
{Heap before GC invocations=10 (full 2):
 PSYoungGen      total 118272K, used 107008K [0x000000076b100000, 0x0000000772f80000, 0x00000007c0000000)
  eden space 107008K, 100% used [0x000000076b100000,0x0000000771980000,0x0000000771980000)
  from space 11264K, 0% used [0x0000000771980000,0x0000000771980000,0x0000000772480000)
  to   space 9216K, 0% used [0x0000000772680000,0x0000000772680000,0x0000000772f80000)
 ParOldGen       total 93696K, used 16743K [0x00000006c1200000, 0x00000006c6d80000, 0x000000076b100000)
  object space 93696K, 17% used [0x00000006c1200000,0x00000006c2259c40,0x00000006c6d80000)
 Metaspace       used 39532K, capacity 41480K, committed 41728K, reserved 1085440K
  class space    used 5215K, capacity 5574K, committed 5632K, reserved 1048576K
Event: 4.018 GC heap after
Heap after GC invocations=10 (full 2):
 PSYoungGen      total 116224K, used 6662K [0x000000076b100000, 0x0000000772f80000, 0x00000007c0000000)
  eden space 107008K, 0% used [0x000000076b100000,0x000000076b100000,0x0000000771980000)
  from space 9216K, 72% used [0x0000000772680000,0x0000000772d01930,0x0000000772f80000)
  to   space 11264K, 0% used [0x0000000771980000,0x0000000771980000,0x0000000772480000)
 ParOldGen       total 93696K, used 16815K [0x00000006c1200000, 0x00000006c6d80000, 0x000000076b100000)
  object space 93696K, 17% used [0x00000006c1200000,0x00000006c226bc50,0x00000006c6d80000)
 Metaspace       used 39532K, capacity 41480K, committed 41728K, reserved 1085440K
  class space    used 5215K, capacity 5574K, committed 5632K, reserved 1048576K
}

Deoptimization events (10 events):
Event: 3.876 Thread 0x000000000035f800 Uncommon trap: reason=unstable_if action=reinterpret pc=0x0000000002c596ac method=java.util.Properties$LineReader.readLine()I @ 252
Event: 3.876 Thread 0x000000000035f800 Uncommon trap: reason=unstable_if action=reinterpret pc=0x0000000002c4d868 method=java.util.Properties$LineReader.readLine()I @ 252
Event: 3.911 Thread 0x000000000035f800 Uncommon trap: reason=unstable_if action=reinterpret pc=0x00000000031e1374 method=java.lang.Class.searchMethods([Ljava/lang/reflect/Method;Ljava/lang/String;[Ljava/lang/Class;)Ljava/lang/reflect/Method; @ 47
Event: 4.003 Thread 0x000000000035f800 Uncommon trap: reason=null_check action=make_not_entrant pc=0x0000000002efc71c method=org.springframework.beans.factory.support.DefaultListableBeanFactory.getBeanDefinition(Ljava/lang/String;)Lorg/springframework/beans/factory/config/BeanDefinition; @ 10
Event: 4.019 Thread 0x000000001bef9800 Uncommon trap: reason=unstable_if action=reinterpret pc=0x0000000002db67f4 method=java.lang.ref.Finalizer.remove()V @ 10
Event: 4.026 Thread 0x000000000035f800 Uncommon trap: reason=unstable_if action=reinterpret pc=0x00000000026acdd8 method=java.util.zip.ZipCoder.getBytes(Ljava/lang/String;)[B @ 32
Event: 4.026 Thread 0x000000000035f800 Uncommon trap: reason=unstable_if action=reinterpret pc=0x00000000027b7ac0 method=java.util.zip.ZipCoder.getBytes(Ljava/lang/String;)[B @ 32
Event: 4.026 Thread 0x000000000035f800 Uncommon trap: reason=unstable_if action=reinterpret pc=0x0000000002c07edc method=java.net.URL.<init>(Ljava/net/URL;Ljava/lang/String;Ljava/net/URLStreamHandler;)V @ 57
Event: 4.026 Thread 0x000000000035f800 Uncommon trap: reason=unstable_if action=reinterpret pc=0x00000000029d6ebc method=java.net.URLStreamHandler.parseURL(Ljava/net/URL;Ljava/lang/String;II)V @ 57
Event: 4.026 Thread 0x000000000035f800 Uncommon trap: reason=unstable_if action=reinterpret pc=0x0000000002b22484 method=java.io.WinNTFileSystem.resolve(Ljava/lang/String;Ljava/lang/String;)Ljava/lang/String; @ 19

Classes redefined (0 events):
No events

Internal exceptions (10 events):
Event: 4.019 Thread 0x000000000035f800 Exception <a 'java/lang/ClassNotFoundException': org/springframework/beans/factory/BeanClassLoaderAwareCustomizer> (0x000000076b113538) thrown at [C:\jenkins\workspace\8-2-build-windows-amd64-cygwin\jdk8u291\1294\hotspot\src\share\vm\classfile\systemDicti
Event: 4.019 Thread 0x000000000035f800 Exception <a 'java/lang/ClassNotFoundException': org/springframework/beans/factory/AwareCustomizer> (0x000000076b1334a0) thrown at [C:\jenkins\workspace\8-2-build-windows-amd64-cygwin\jdk8u291\1294\hotspot\src\share\vm\classfile\systemDictionary.cpp, line
Event: 4.019 Thread 0x000000000035f800 Exception <a 'java/lang/ClassNotFoundException': org/springframework/beans/factory/BeanFactoryAwareCustomizer> (0x000000076b157548) thrown at [C:\jenkins\workspace\8-2-build-windows-amd64-cygwin\jdk8u291\1294\hotspot\src\share\vm\classfile\systemDictionar
Event: 4.019 Thread 0x000000000035f800 Exception <a 'java/lang/ClassNotFoundException': org/springframework/beans/factory/AwareCustomizer> (0x000000076b177a10) thrown at [C:\jenkins\workspace\8-2-build-windows-amd64-cygwin\jdk8u291\1294\hotspot\src\share\vm\classfile\systemDictionary.cpp, line
Event: 4.020 Thread 0x000000000035f800 Exception <a 'java/lang/ClassNotFoundException': org/springframework/beans/factory/BeanNameAwareCustomizer> (0x000000076b199f38) thrown at [C:\jenkins\workspace\8-2-build-windows-amd64-cygwin\jdk8u291\1294\hotspot\src\share\vm\classfile\systemDictionary.c
Event: 4.020 Thread 0x000000000035f800 Exception <a 'java/lang/ClassNotFoundException': org/springframework/beans/factory/AwareCustomizer> (0x000000076b1b9dc0) thrown at [C:\jenkins\workspace\8-2-build-windows-amd64-cygwin\jdk8u291\1294\hotspot\src\share\vm\classfile\systemDictionary.cpp, line
Event: 4.020 Thread 0x000000000035f800 Exception <a 'java/lang/ClassNotFoundException': org/springframework/beans/factory/InitializingBeanCustomizer> (0x000000076b1dde10) thrown at [C:\jenkins\workspace\8-2-build-windows-amd64-cygwin\jdk8u291\1294\hotspot\src\share\vm\classfile\systemDictionar
Event: 4.020 Thread 0x000000000035f800 Exception <a 'java/lang/ClassNotFoundException': org/springframework/beans/factory/DisposableBeanCustomizer> (0x000000076b200cf8) thrown at [C:\jenkins\workspace\8-2-build-windows-amd64-cygwin\jdk8u291\1294\hotspot\src\share\vm\classfile\systemDictionary.
Event: 4.020 Thread 0x000000000035f800 Exception <a 'java/lang/ClassNotFoundException': org/springframework/orm/jpa/EntityManagerFactoryInfoCustomizer> (0x000000076b2262a0) thrown at [C:\jenkins\workspace\8-2-build-windows-amd64-cygwin\jdk8u291\1294\hotspot\src\share\vm\classfile\systemDiction
Event: 4.021 Thread 0x000000000035f800 Exception <a 'java/lang/ClassNotFoundException': org/springframework/dao/support/PersistenceExceptionTranslatorCustomizer> (0x000000076b25d9a0) thrown at [C:\jenkins\workspace\8-2-build-windows-amd64-cygwin\jdk8u291\1294\hotspot\src\share\vm\classfile\sys

Events (10 events):
Event: 4.185 loading class net/bytebuddy/description/type/RecordComponentList$AbstractBase
Event: 4.185 loading class net/bytebuddy/description/type/RecordComponentList$AbstractBase done
Event: 4.185 loading class net/bytebuddy/description/method/MethodList
Event: 4.185 loading class net/bytebuddy/description/method/MethodList done
Event: 4.185 loading class net/bytebuddy/description/field/FieldList
Event: 4.185 loading class net/bytebuddy/description/field/FieldList done
Event: 4.186 loading class net/bytebuddy/utility/privilege/GetSystemPropertyAction
Event: 4.186 loading class net/bytebuddy/utility/privilege/GetSystemPropertyAction done
Event: 4.186 loading class net/bytebuddy/description/type/TypeDescription$ForLoadedType$Dispatcher$CreationAction
Event: 4.186 loading class net/bytebuddy/description/type/TypeDescription$ForLoadedType$Dispatcher$CreationAction done


Dynamic libraries:
0x000000013f9d0000 - 0x000000013fa17000 	C:\Program Files\Java\jdk1.8.0_291\bin\java.exe
0x0000000077b70000 - 0x0000000077d0f000 	C:\Windows\SYSTEM32\ntdll.dll
0x0000000077950000 - 0x0000000077a6f000 	C:\Windows\system32\kernel32.dll
0x000007fefd920000 - 0x000007fefd98a000 	C:\Windows\system32\KERNELBASE.dll
0x000007feff650000 - 0x000007feff72b000 	C:\Windows\system32\ADVAPI32.dll
0x000007feff730000 - 0x000007feff7cf000 	C:\Windows\system32\msvcrt.dll
0x000007feff5b0000 - 0x000007feff5cf000 	C:\Windows\SYSTEM32\sechost.dll
0x000007fefedd0000 - 0x000007fefeefd000 	C:\Windows\system32\RPCRT4.dll
0x0000000077a70000 - 0x0000000077b6a000 	C:\Windows\system32\USER32.dll
0x000007feff540000 - 0x000007feff5a7000 	C:\Windows\system32\GDI32.dll
0x000007feff7d0000 - 0x000007feff7de000 	C:\Windows\system32\LPK.dll
0x000007feff390000 - 0x000007feff45b000 	C:\Windows\system32\USP10.dll
0x000007fefc130000 - 0x000007fefc324000 	C:\Windows\WinSxS\amd64_microsoft.windows.common-controls_6595b64144ccf1df_6.0.7601.18837_none_fa3b1e3d17594757\COMCTL32.dll
0x000007feff5d0000 - 0x000007feff641000 	C:\Windows\system32\SHLWAPI.dll
0x000007feffe30000 - 0x000007feffe5e000 	C:\Windows\system32\IMM32.DLL
0x000007fefdad0000 - 0x000007fefdbd9000 	C:\Windows\system32\MSCTF.dll
0x000007fefb1f0000 - 0x000007fefb1f3000 	C:\Windows\system32\api-ms-win-core-synch-l1-2-0.DLL
0x000007fefae00000 - 0x000007fefae15000 	C:\Program Files\Java\jdk1.8.0_291\jre\bin\vcruntime140.dll
0x000007feee000000 - 0x000007feee004000 	C:\Windows\system32\api-ms-win-crt-runtime-l1-1-0.dll
0x000007feedf00000 - 0x000007feedff5000 	C:\Windows\system32\ucrtbase.DLL
0x000007feedef0000 - 0x000007feedef3000 	C:\Windows\system32\api-ms-win-core-timezone-l1-1-0.dll
0x000007feedee0000 - 0x000007feedee3000 	C:\Windows\system32\api-ms-win-core-file-l2-1-0.dll
0x000007feeded0000 - 0x000007feeded3000 	C:\Windows\system32\api-ms-win-core-localization-l1-2-0.dll
0x000007feedec0000 - 0x000007feedec3000 	C:\Windows\system32\api-ms-win-core-processthreads-l1-1-1.dll
0x000007feedeb0000 - 0x000007feedeb3000 	C:\Windows\system32\api-ms-win-core-file-l1-2-0.dll
0x000007feede80000 - 0x000007feede83000 	C:\Windows\system32\api-ms-win-crt-heap-l1-1-0.dll
0x000007feede70000 - 0x000007feede74000 	C:\Windows\system32\api-ms-win-crt-string-l1-1-0.dll
0x000007feede60000 - 0x000007feede64000 	C:\Windows\system32\api-ms-win-crt-stdio-l1-1-0.dll
0x000007feede50000 - 0x000007feede54000 	C:\Windows\system32\api-ms-win-crt-convert-l1-1-0.dll
0x000007fef88c0000 - 0x000007fef895b000 	C:\Program Files\Java\jdk1.8.0_291\jre\bin\msvcp140.dll
0x000007feec2e0000 - 0x000007feec2e3000 	C:\Windows\system32\api-ms-win-crt-locale-l1-1-0.dll
0x000007feede20000 - 0x000007feede25000 	C:\Windows\system32\api-ms-win-crt-math-l1-1-0.dll
0x000007feede10000 - 0x000007feede13000 	C:\Windows\system32\api-ms-win-crt-filesystem-l1-1-0.dll
0x000007feeef70000 - 0x000007feeef73000 	C:\Windows\system32\api-ms-win-crt-time-l1-1-0.dll
0x000007feede40000 - 0x000007feede43000 	C:\Windows\system32\api-ms-win-crt-environment-l1-1-0.dll
0x000007feede30000 - 0x000007feede33000 	C:\Windows\system32\api-ms-win-crt-utility-l1-1-0.dll
0x0000000068c30000 - 0x0000000069490000 	C:\Program Files\Java\jdk1.8.0_291\jre\bin\server\jvm.dll
0x000007fef4740000 - 0x000007fef4749000 	C:\Windows\system32\WSOCK32.dll
0x000007feff160000 - 0x000007feff1ad000 	C:\Windows\system32\WS2_32.dll
0x000007feffe20000 - 0x000007feffe28000 	C:\Windows\system32\NSI.dll
0x000007fefb570000 - 0x000007fefb5ab000 	C:\Windows\system32\WINMM.dll
0x000007fefc7f0000 - 0x000007fefc7fc000 	C:\Windows\system32\VERSION.dll
0x0000000077d20000 - 0x0000000077d27000 	C:\Windows\system32\PSAPI.DLL
0x000007fefbea0000 - 0x000007fefbeb0000 	C:\Program Files\Java\jdk1.8.0_291\jre\bin\verify.dll
0x000007fef8890000 - 0x000007fef88bb000 	C:\Program Files\Java\jdk1.8.0_291\jre\bin\java.dll
0x000007fef8820000 - 0x000007fef8850000 	C:\Program Files\Java\jdk1.8.0_291\jre\bin\instrument.dll
0x000007fef8870000 - 0x000007fef8888000 	C:\Program Files\Java\jdk1.8.0_291\jre\bin\zip.dll
0x000007fefe040000 - 0x000007fefedca000 	C:\Windows\system32\SHELL32.dll
0x000007fefef00000 - 0x000007feff0fd000 	C:\Windows\system32\ole32.dll
0x000007fefd720000 - 0x000007fefd72f000 	C:\Windows\system32\profapi.dll
0x000007fee95d0000 - 0x000007fee95ea000 	D:\JetBrainsToolbox_Appcation\apps\IDEA-U\ch-0\211.7628.21\bin\breakgen64.dll
0x000007feeec00000 - 0x000007feeec1c000 	C:\Program Files\Java\jdk1.8.0_291\jre\bin\net.dll
0x000007fefcea0000 - 0x000007fefcef5000 	C:\Windows\system32\mswsock.dll
0x000007fefce90000 - 0x000007fefce97000 	C:\Windows\System32\wship6.dll
0x000007fee95f0000 - 0x000007fee9603000 	C:\Program Files\Java\jdk1.8.0_291\jre\bin\nio.dll
0x000007fef8810000 - 0x000007fef881d000 	C:\Program Files\Java\jdk1.8.0_291\jre\bin\management.dll
0x000007fefb760000 - 0x000007fefb775000 	C:\Windows\system32\NLAapi.dll
0x000007fef9610000 - 0x000007fef9625000 	C:\Windows\system32\napinsp.dll
0x000007fef95f0000 - 0x000007fef9609000 	C:\Windows\system32\pnrpnsp.dll
0x000007fefcd20000 - 0x000007fefcd7b000 	C:\Windows\system32\DNSAPI.dll
0x000007fef9550000 - 0x000007fef955b000 	C:\Windows\System32\winrnr.dll
0x000007fef9540000 - 0x000007fef9550000 	C:\Windows\system32\wshbth.dll
0x000007fefc8c0000 - 0x000007fefc8c7000 	C:\Windows\System32\wshtcpip.dll
0x000007fefb3d0000 - 0x000007fefb3f7000 	C:\Windows\system32\IPHLPAPI.DLL
0x000007fefb3c0000 - 0x000007fefb3cb000 	C:\Windows\system32\WINNSI.DLL
0x000007fef8a60000 - 0x000007fef8a68000 	C:\Windows\system32\rasadhlp.dll
0x000007fefb250000 - 0x000007fefb2a3000 	C:\Windows\System32\fwpuclnt.dll
0x000007fefcf00000 - 0x000007fefcf18000 	C:\Windows\system32\CRYPTSP.dll
0x000007fefcc00000 - 0x000007fefcc47000 	C:\Windows\system32\rsaenh.dll
0x000007fefd9f0000 - 0x000007fefda0e000 	C:\Windows\system32\USERENV.dll
0x000007fefd570000 - 0x000007fefd57f000 	C:\Windows\system32\CRYPTBASE.dll
0x000007fefb060000 - 0x000007fefb071000 	C:\Windows\system32\dhcpcsvc6.DLL
0x000007fefb080000 - 0x000007fefb098000 	C:\Windows\system32\dhcpcsvc.DLL

VM Arguments:
jvm_args: -ea -Didea.test.cyclic.buffer.size=1048576 -javaagent:D:\JetBrainsToolbox_Appcation\apps\IDEA-U\ch-0\211.7628.21\lib\idea_rt.jar=63673:D:\JetBrainsToolbox_Appcation\apps\IDEA-U\ch-0\211.7628.21\bin -Dfile.encoding=UTF-8 
java_command: com.intellij.rt.junit.JUnitStarter -ideVersion5 -junit4 com.example.demo4.UserDaoTest,testEM
java_class_path (initial): D:\JetBrainsToolbox_Appcation\apps\IDEA-U\ch-0\211.7628.21\lib\idea_rt.jar;D:\JetBrainsToolbox_Appcation\apps\IDEA-U\ch-0\211.7628.21\plugins\junit\lib\junit5-rt.jar;D:\JetBrainsToolbox_Appcation\apps\IDEA-U\ch-0\211.7628.21\plugins\junit\lib\junit-rt.jar;C:\Program Files\Java\jdk1.8.0_291\jre\lib\charsets.jar;C:\Program Files\Java\jdk1.8.0_291\jre\lib\deploy.jar;C:\Program Files\Java\jdk1.8.0_291\jre\lib\ext\access-bridge-64.jar;C:\Program Files\Java\jdk1.8.0_291\jre\lib\ext\cldrdata.jar;C:\Program Files\Java\jdk1.8.0_291\jre\lib\ext\dnsns.jar;C:\Program Files\Java\jdk1.8.0_291\jre\lib\ext\jaccess.jar;C:\Program Files\Java\jdk1.8.0_291\jre\lib\ext\jfxrt.jar;C:\Program Files\Java\jdk1.8.0_291\jre\lib\ext\localedata.jar;C:\Program Files\Java\jdk1.8.0_291\jre\lib\ext\nashorn.jar;C:\Program Files\Java\jdk1.8.0_291\jre\lib\ext\sunec.jar;C:\Program Files\Java\jdk1.8.0_291\jre\lib\ext\sunjce_provider.jar;C:\Program Files\Java\jdk1.8.0_291\jre\lib\ext\sunmscapi.jar;C:\Program Files\Java\jdk1.8.0_291\jre\lib\ext\sunpkcs11.jar;C:\Program Files\Java\jdk1.8.0_291\jre\lib\ext\zipfs.jar;C:\Program Files\Java\jdk1.8.0_291\jre\lib\javaws.jar;C:\Program Files\Java\jdk1.8.0_291\jre\lib\jce.jar;C:\Program Files\Java\jdk1.8.0_291\jre\lib\jfr.jar;C:\Program Files\Java\jdk1.8.0_291\jre\lib\jfxswt.jar;C:\Program Files\Java\jdk1.8.0_291\jre\lib\jsse.jar;C:\Program Files\Java\jdk1.8.0_291\jre\lib\management-agent.jar;C:\Program Files\Java\jdk1.8.0_291\jre\lib\plugin.jar;C:\Program Files\Java\jdk1.8.0_291\jre\lib\resources.jar;C:\Program Files\Java\jdk1.8.0_291\jre\lib\rt.jar;D:\my-data\target\test-classes;D:\my-data\target\classes;C:\Users\Administrator\.m2\repository\org\springframework\boot\spring-boot-starter-web\2.5.2\spring-boot-starter-web-2.5.2.jar;C:\Users\Administrator\.m2\repository\org\springframework\boot\spring-boot-starter\2.5.2\spring-boot-starter-2.5.2.jar;C:\Users\Administrator\.m2\repository\org\springframework\boot\spring-boot-starter-logging
Launcher Type: SUN_STANDARD

Environment Variables:
JAVA_HOME=C:\Program Files\Java\jdk1.8.0_291
CLASSPATH=.;C:\Program Files\Java\jdk1.8.0_291\lib\dt.jar;C:\Program Files\Java\jdk1.8.0_291\lib\tools.jar; 
PATH=C:\Program Files\Java\jdk1.8.0_291\bin;C:\Program Files (x86)\Common Files\Oracle\Java\javapath;C:\Windows\system32;C:\Windows;C:\Windows\System32\Wbem;C:\Windows\System32\WindowsPowerShell\v1.0\;C:\Program Files (x86)\HP\IdrsOCR_15.2.10.1114\;C:\Program Files\nodejs\;C:\Program Files\Git\cmd;C:\Program Files\MySQL\MySQL Utilities 1.6\;%MYSQL_HOME%\bin;D:\Program Files\apache-maven-3.8.1\bin;C:\Users\Administrator\AppData\Roaming\npm
USERNAME=Administrator
OS=Windows_NT
PROCESSOR_IDENTIFIER=Intel64 Family 6 Model 158 Stepping 9, GenuineIntel



---------------  S Y S T E M  ---------------

OS: Windows 7 , 64 bit Build 7601 (6.1.7601.24260)

CPU:total 4 (initial active 4) (4 cores per cpu, 1 threads per core) family 6 model 158 stepping 9, cmov, cx8, fxsr, mmx, sse, sse2, sse3, ssse3, sse4.1, sse4.2, popcnt, avx, avx2, aes, clmul, erms, rtm, 3dnowpref, lzcnt, tsc, tscinvbit, bmi1, bmi2, adx

Memory: 4k page, physical 16701060k(6362392k free), swap 20066072k(5152k free)

vm_info: Java HotSpot(TM) 64-Bit Server VM (25.291-b10) for windows-amd64 JRE (1.8.0_291-b10), built on Apr  9 2021 00:02:00 by "java_re" with MS VC++ 15.9 (VS2017)

time: Fri Aug  6 17:34:16 2021
timezone: ?D1¨²¡À¨º¡Á?¨º¡À??
elapsed time: 4.194119 seconds (0d 0h 0m 4s)

